<?xml version="1.0" encoding="UTF-8"?>
<!-- Generated by org.testng.reporters.JUnitXMLReporter -->
<testsuite ignored="1" hostname="TYSS-Vijayalaxmi" failures="0" tests="1" name="Default test" time="0.101" errors="0" timestamp="2024-03-01T17:35:21 IST">
  <testcase classname="practicePackage.PracticeTest" name="testscript2_Test" time="0.018"/>
  <testcase classname="practicePackage.PracticeTest" name="testscript1_Test" time="0.0">
    <ignored/>
  </testcase> <!-- testscript1_Test -->
</testsuite> <!-- Default test -->
