<?xml version="1.0" encoding="UTF-8"?>
<!-- Generated by org.testng.reporters.JUnitXMLReporter -->
<testsuite ignored="2" hostname="TYSS-Vijayalaxmi" failures="0" tests="4" name="Test" time="0.119" errors="0" timestamp="2024-03-01T17:36:19 IST">
  <testcase classname="practicePackage.DemoTest" name="testscript5_Test" time="0.023"/>
  <testcase classname="practicePackage.DemoTest" name="testscript6_Test" time="0.001"/>
  <testcase classname="practicePackage.PracticeTest" name="testscript1_Test" time="0.003"/>
  <testcase classname="practicePackage.SampleTest" name="testscript3_Test" time="0.005"/>
  <testcase classname="practicePackage.PracticeTest" name="testscript2_Test" time="0.0">
    <ignored/>
  </testcase> <!-- testscript2_Test -->
  <testcase classname="practicePackage.SampleTest" name="testscript4_Test" time="0.0">
    <ignored/>
  </testcase> <!-- testscript4_Test -->
</testsuite> <!-- Test -->
