<?xml version="1.0" encoding="UTF-8"?>
<testng-results ignored="2" total="6" passed="4" failed="0" skipped="0">
  <reporter-output>
  </reporter-output>
  <suite started-at="2024-03-01T17:36:18 IST" name="Suite" finished-at="2024-03-01T17:36:19 IST" duration-ms="119">
    <groups>
      <group name="regression">
        <method signature="DemoTest.testscript5_Test()[pri:0, instance:practicePackage.DemoTest@3270d194]" name="testscript5_Test" class="practicePackage.DemoTest"/>
        <method signature="SampleTest.testscript3_Test()[pri:0, instance:practicePackage.SampleTest@59474f18]" name="testscript3_Test" class="practicePackage.SampleTest"/>
      </group> <!-- regression -->
      <group name="smoke">
        <method signature="DemoTest.testscript5_Test()[pri:0, instance:practicePackage.DemoTest@3270d194]" name="testscript5_Test" class="practicePackage.DemoTest"/>
        <method signature="DemoTest.testscript6_Test()[pri:0, instance:practicePackage.DemoTest@3270d194]" name="testscript6_Test" class="practicePackage.DemoTest"/>
        <method signature="PracticeTest.testscript1_Test()[pri:0, instance:practicePackage.PracticeTest@34123d65]" name="testscript1_Test" class="practicePackage.PracticeTest"/>
        <method signature="SampleTest.testscript3_Test()[pri:0, instance:practicePackage.SampleTest@59474f18]" name="testscript3_Test" class="practicePackage.SampleTest"/>
      </group> <!-- smoke -->
    </groups>
    <test started-at="2024-03-01T17:36:18 IST" name="Test" finished-at="2024-03-01T17:36:19 IST" duration-ms="119">
      <class name="practicePackage.SampleTest">
        <test-method signature="testscript3_Test()[pri:0, instance:practicePackage.SampleTest@59474f18]" started-at="2024-03-01T17:36:19 IST" name="testscript3_Test" finished-at="2024-03-01T17:36:19 IST" duration-ms="5" status="PASS">
          <reporter-output>
          </reporter-output>
        </test-method> <!-- testscript3_Test -->
      </class> <!-- practicePackage.SampleTest -->
      <class name="practicePackage.PracticeTest">
        <test-method signature="testscript1_Test()[pri:0, instance:practicePackage.PracticeTest@34123d65]" started-at="2024-03-01T17:36:19 IST" name="testscript1_Test" finished-at="2024-03-01T17:36:19 IST" duration-ms="3" status="PASS">
          <reporter-output>
          </reporter-output>
        </test-method> <!-- testscript1_Test -->
      </class> <!-- practicePackage.PracticeTest -->
      <class name="practicePackage.DemoTest">
        <test-method signature="testscript5_Test()[pri:0, instance:practicePackage.DemoTest@3270d194]" started-at="2024-03-01T17:36:18 IST" name="testscript5_Test" finished-at="2024-03-01T17:36:19 IST" duration-ms="23" status="PASS">
          <reporter-output>
          </reporter-output>
        </test-method> <!-- testscript5_Test -->
        <test-method signature="testscript6_Test()[pri:0, instance:practicePackage.DemoTest@3270d194]" started-at="2024-03-01T17:36:19 IST" name="testscript6_Test" finished-at="2024-03-01T17:36:19 IST" duration-ms="1" status="PASS">
          <reporter-output>
          </reporter-output>
        </test-method> <!-- testscript6_Test -->
      </class> <!-- practicePackage.DemoTest -->
    </test> <!-- Test -->
  </suite> <!-- Suite -->
</testng-results>
